SF:/github/workspace/src/common.ts
FN:32,constructHost
FNDA:26,constructHost
FNF:1
FNH:1
BRDA:34,1,0,25
BRDA:34,1,1,1
BRDA:35,1,2,25
BRDA:35,1,3,1
BRDA:36,1,4,25
BRDA:36,1,5,1
BRF:6
BRH:6
DA:1,2
DA:32,2
DA:33,28
DA:34,28
DA:35,28
DA:36,28
DA:37,28
DA:38,28
LH:8
LF:8
end_of_record
SF:/github/workspace/src/soap_client.ts
FN:9,<instance_members_initializer>
FN:12,SoapClient
FN:19,httpRequest
FN:50,getBasicAuth
FNDA:18,<instance_members_initializer>
FNDA:18,SoapClient
FNDA:18,httpRequest
FNDA:18,getBasicAuth
FNF:4
FNH:4
BRDA:41,3,0,0
BRF:1
BRH:0
DA:1,2
DA:2,2
DA:4,2
DA:7,2
DA:9,2
DA:10,20
DA:12,20
DA:13,58
DA:14,58
DA:15,20
DA:16,38
DA:17,38
DA:19,20
DA:20,38
DA:22,38
DA:23,38
DA:24,38
DA:25,38
DA:26,38
DA:27,38
DA:28,38
DA:29,38
DA:30,38
DA:31,38
DA:32,38
DA:33,38
DA:35,38
DA:36,38
DA:37,38
DA:38,38
DA:39,38
DA:40,38
DA:41,0
DA:42,0
DA:43,0
DA:44,0
DA:45,0
DA:46,0
DA:47,0
DA:48,38
DA:50,20
DA:51,38
DA:52,38
DA:53,20
LH:37
LF:44
end_of_record
SF:/github/workspace/src/soap_messages.ts
FN:1,message_shellid
FN:28,message_commandid
FN:62,message_command
FN:92,message_delete_shellid
FNDA:9,message_shellid
FNDA:4,message_commandid
FNDA:3,message_command
FNDA:4,message_delete_shellid
FNF:4
FNH:4
BRF:0
BRH:0
DA:1,2
DA:2,11
DA:5,11
DA:11,11
DA:26,11
DA:27,11
DA:28,2
DA:29,2
DA:30,2
DA:31,2
DA:32,2
DA:34,6
DA:37,6
DA:43,6
DA:48,6
DA:57,6
DA:60,6
DA:61,6
DA:62,2
DA:63,2
DA:64,2
DA:65,2
DA:66,2
DA:68,5
DA:71,5
DA:77,5
DA:82,5
DA:87,5
DA:90,5
DA:91,5
DA:92,2
DA:93,2
DA:94,2
DA:95,2
DA:97,6
DA:105,6
DA:111,6
DA:116,6
DA:120,6
DA:121,6
LH:40
LF:40
end_of_record
SF:/github/workspace/src/winrm_context.ts
FN:29,<instance_members_initializer>
FN:42,WinRMContext
FN:78,runCommand
FN:121,openShell
FN:142,closeShell
FN:168,isContextMode
FN:173,deleteShellId
FN:189,getCommand
FN:230,getCommandId
FN:257,getShellId
FN:274,processError
FN:290,parseSoapError
FN:315,getUUID
FNDA:8,<instance_members_initializer>
FNDA:8,WinRMContext
FNDA:4,runCommand
FNDA:4,openShell
FNDA:2,closeShell
FNDA:6,isContextMode
FNDA:3,deleteShellId
FNDA:2,getCommand
FNDA:3,getCommandId
FNDA:7,getShellId
FNDA:3,processError
FNDA:3,parseSoapError
FNDA:7,getUUID
FNF:13
FNH:13
BRDA:82,3,0,0
BRDA:88,3,1,1
BRDA:90,3,2,3
BRDA:93,3,3,3
BRDA:101,3,4,1
BRDA:103,3,5,2
BRDA:113,3,6,0
BRDA:116,3,7,2
BRDA:123,4,0,3
BRDA:124,4,1,1
BRDA:126,4,2,3
BRDA:134,4,3,0
BRDA:137,4,4,0
BRDA:144,5,0,1
BRDA:145,5,1,1
BRDA:158,5,2,0
BRDA:161,5,3,0
BRDA:169,6,0,0
BRDA:184,7,0,0
BRDA:204,8,0,1
BRDA:213,8,1,2
BRDA:214,8,2,1
BRDA:215,8,3,1
BRDA:225,8,4,1
BRDA:244,9,0,2
BRDA:250,9,1,0
BRDA:252,9,2,1
BRDA:261,10,0,6
BRDA:267,10,1,0
BRDA:269,10,2,1
BRDA:276,11,0,1
BRDA:278,11,1,2
BRDA:279,11,2,0
BRDA:294,12,0,1
BRDA:297,12,1,1
BRDA:307,12,2,2
BRF:36
BRH:25
DA:1,1
DA:2,1
DA:4,1
DA:8,1
DA:11,1
DA:12,1
DA:13,1
DA:14,1
DA:15,1
DA:16,1
DA:17,1
DA:18,1
DA:19,1
DA:21,1
DA:28,1
DA:29,1
DA:30,9
DA:31,9
DA:32,9
DA:34,9
DA:41,9
DA:42,9
DA:43,26
DA:44,26
DA:45,9
DA:46,17
DA:47,17
DA:48,17
DA:49,17
DA:51,9
DA:77,9
DA:78,9
DA:79,13
DA:80,13
DA:82,0
DA:83,0
DA:84,0
DA:85,0
DA:86,13
DA:87,13
DA:88,13
DA:89,14
DA:90,13
DA:91,16
DA:92,16
DA:93,13
DA:95,16
DA:96,16
DA:97,16
DA:98,16
DA:101,13
DA:102,14
DA:103,14
DA:105,15
DA:106,15
DA:107,15
DA:108,15
DA:111,15
DA:112,15
DA:113,0
DA:114,0
DA:115,0
DA:116,15
DA:118,15
DA:119,13
DA:121,9
DA:122,13
DA:123,13
DA:124,13
DA:125,14
DA:126,14
DA:128,16
DA:130,16
DA:131,16
DA:132,16
DA:133,16
DA:134,16
DA:136,0
DA:137,0
DA:139,13
DA:140,13
DA:142,9
DA:143,11
DA:144,11
DA:145,11
DA:146,12
DA:147,12
DA:149,12
DA:150,12
DA:151,12
DA:154,12
DA:155,12
DA:156,12
DA:157,12
DA:158,12
DA:160,0
DA:161,0
DA:163,11
DA:164,11
DA:166,9
DA:168,9
DA:169,0
DA:170,0
DA:171,15
DA:173,9
DA:174,9
DA:175,9
DA:176,9
DA:177,12
DA:179,12
DA:180,12
DA:182,12
DA:183,48
DA:184,0
DA:185,0
DA:186,0
DA:187,12
DA:189,9
DA:190,9
DA:191,9
DA:192,9
DA:193,9
DA:194,11
DA:195,11
DA:196,11
DA:197,11
DA:198,11
DA:201,11
DA:202,11
DA:204,11
DA:205,12
DA:207,12
DA:208,12
DA:210,12
DA:212,12
DA:213,12
DA:214,14
DA:215,14
DA:216,15
DA:217,15
DA:218,15
DA:219,15
DA:220,14
DA:221,12
DA:222,12
DA:223,12
DA:224,12
DA:225,11
DA:226,12
DA:227,12
DA:228,11
DA:230,9
DA:231,9
DA:232,9
DA:233,9
DA:234,9
DA:235,12
DA:236,12
DA:237,12
DA:238,12
DA:239,12
DA:241,12
DA:242,12
DA:244,12
DA:245,14
DA:246,14
DA:247,14
DA:248,14
DA:249,14
DA:250,0
DA:251,14
DA:252,12
DA:253,13
DA:254,13
DA:255,12
DA:257,9
DA:258,16
DA:259,16
DA:260,16
DA:261,16
DA:262,22
DA:263,22
DA:264,22
DA:265,22
DA:266,22
DA:267,0
DA:268,22
DA:269,16
DA:270,17
DA:271,17
DA:272,16
DA:274,9
DA:275,12
DA:276,12
DA:277,13
DA:278,12
DA:279,0
DA:280,14
DA:281,14
DA:282,14
DA:283,14
DA:284,14
DA:285,14
DA:286,14
DA:287,14
DA:288,12
DA:290,9
DA:291,12
DA:292,12
DA:293,12
DA:294,12
DA:295,12
DA:296,12
DA:297,12
DA:298,12
DA:299,12
DA:300,12
DA:301,12
DA:302,12
DA:303,12
DA:304,12
DA:305,12
DA:306,12
DA:307,12
DA:308,14
DA:309,14
DA:310,14
DA:311,14
DA:312,14
DA:313,12
DA:315,9
DA:316,16
DA:317,16
DA:318,9
LH:215
LF:234
end_of_record
