SF:/github/workspace/src/common.ts
FN:42,constructHost
FNDA:31,constructHost
FNF:1
FNH:1
BRDA:44,1,0,30
BRDA:44,1,1,1
BRDA:45,1,2,30
BRDA:45,1,3,1
BRDA:46,1,4,30
BRDA:46,1,5,1
BRF:6
BRH:6
DA:1,2
DA:42,2
DA:43,33
DA:44,33
DA:45,33
DA:46,33
DA:47,33
DA:48,33
LH:8
LF:8
end_of_record
SF:/github/workspace/src/soap_client.ts
FN:9,<instance_members_initializer>
FN:12,SoapClient
FN:19,httpRequest
FN:50,getBasicAuth
FNDA:22,<instance_members_initializer>
FNDA:22,SoapClient
FNDA:22,httpRequest
FNDA:22,getBasicAuth
FNF:4
FNH:4
BRDA:41,3,0,0
BRF:1
BRH:0
DA:1,2
DA:2,2
DA:4,2
DA:7,2
DA:9,2
DA:10,24
DA:12,24
DA:13,70
DA:14,70
DA:15,24
DA:16,46
DA:17,46
DA:19,24
DA:20,46
DA:22,46
DA:23,46
DA:24,46
DA:25,46
DA:26,46
DA:27,46
DA:28,46
DA:29,46
DA:30,46
DA:31,46
DA:32,46
DA:33,46
DA:35,46
DA:36,46
DA:37,46
DA:38,46
DA:39,46
DA:40,46
DA:41,0
DA:42,0
DA:43,0
DA:44,0
DA:45,0
DA:46,0
DA:47,0
DA:48,46
DA:50,24
DA:51,46
DA:52,46
DA:53,24
LH:37
LF:44
end_of_record
SF:/github/workspace/src/soap_messages.ts
FN:1,message_shellid
FN:28,message_commandid
FN:62,message_command
FN:92,message_delete_shellid
FNDA:10,message_shellid
FNDA:5,message_commandid
FNDA:4,message_command
FNDA:5,message_delete_shellid
FNF:4
FNH:4
BRF:0
BRH:0
DA:1,2
DA:2,12
DA:5,12
DA:11,12
DA:26,12
DA:27,12
DA:28,2
DA:29,2
DA:30,2
DA:31,2
DA:32,2
DA:34,7
DA:37,7
DA:43,7
DA:48,7
DA:57,7
DA:60,7
DA:61,7
DA:62,2
DA:63,2
DA:64,2
DA:65,2
DA:66,2
DA:68,6
DA:71,6
DA:77,6
DA:82,6
DA:87,6
DA:90,6
DA:91,6
DA:92,2
DA:93,2
DA:94,2
DA:95,2
DA:97,7
DA:105,7
DA:111,7
DA:116,7
DA:120,7
DA:121,7
LH:40
LF:40
end_of_record
SF:/github/workspace/src/winrm_context.ts
FN:33,<instance_members_initializer>
FN:46,WinRMContext
FN:82,runCommand
FN:140,runPowerShell
FN:151,openShell
FN:172,closeShell
FN:198,isContextMode
FN:203,deleteShellId
FN:219,getCommand
FN:280,getCommandId
FN:307,getShellId
FN:324,processError
FN:340,parseSoapError
FN:365,getUUID
FN:369,toUtf16
FNDA:9,<instance_members_initializer>
FNDA:9,WinRMContext
FNDA:5,runCommand
FNDA:1,runPowerShell
FNDA:4,openShell
FNDA:2,closeShell
FNDA:8,isContextMode
FNDA:4,deleteShellId
FNDA:3,getCommand
FNDA:4,getCommandId
FNDA:8,getShellId
FNDA:3,processError
FNDA:3,parseSoapError
FNDA:8,getUUID
FNDA:1,toUtf16
FNF:15
FNH:15
BRDA:86,3,0,0
BRDA:92,3,1,1
BRDA:99,3,2,4
BRDA:102,3,3,4
BRDA:110,3,4,1
BRDA:117,3,5,3
BRDA:127,3,6,0
BRDA:135,3,7,3
BRDA:153,5,0,3
BRDA:154,5,1,1
BRDA:156,5,2,3
BRDA:164,5,3,0
BRDA:167,5,4,0
BRDA:174,6,0,1
BRDA:175,6,1,1
BRDA:188,6,2,0
BRDA:191,6,3,0
BRDA:199,7,0,0
BRDA:214,8,0,0
BRDA:234,9,0,2
BRDA:248,9,1,4
BRDA:249,9,2,2
BRDA:252,9,3,2
BRDA:258,9,4,0
BRDA:270,9,5,1
BRDA:294,10,0,3
BRDA:300,10,1,0
BRDA:302,10,2,1
BRDA:311,11,0,7
BRDA:317,11,1,0
BRDA:319,11,2,1
BRDA:326,12,0,1
BRDA:328,12,1,2
BRDA:329,12,2,0
BRDA:344,13,0,1
BRDA:347,13,1,1
BRDA:357,13,2,2
BRDA:372,15,0,4
BRF:38
BRH:26
DA:1,1
DA:2,1
DA:4,1
DA:8,1
DA:12,1
DA:13,1
DA:14,1
DA:15,1
DA:16,1
DA:17,1
DA:18,1
DA:19,1
DA:20,1
DA:21,1
DA:22,1
DA:23,1
DA:25,1
DA:32,1
DA:33,1
DA:34,10
DA:35,10
DA:36,10
DA:38,10
DA:45,10
DA:46,10
DA:47,29
DA:48,29
DA:49,10
DA:50,19
DA:51,19
DA:52,19
DA:53,19
DA:55,10
DA:81,10
DA:82,10
DA:83,15
DA:84,15
DA:86,0
DA:87,0
DA:88,0
DA:89,0
DA:90,15
DA:91,15
DA:92,15
DA:93,16
DA:94,16
DA:95,16
DA:96,16
DA:97,16
DA:98,16
DA:99,15
DA:100,19
DA:101,19
DA:102,15
DA:104,19
DA:105,19
DA:106,19
DA:107,19
DA:110,15
DA:111,16
DA:112,16
DA:113,16
DA:114,16
DA:115,16
DA:116,16
DA:117,16
DA:119,18
DA:120,18
DA:121,18
DA:122,18
DA:125,18
DA:126,18
DA:127,0
DA:128,0
DA:129,0
DA:130,0
DA:131,0
DA:132,0
DA:133,0
DA:134,0
DA:135,18
DA:137,18
DA:138,15
DA:140,10
DA:141,11
DA:142,11
DA:143,11
DA:144,11
DA:145,11
DA:147,11
DA:148,11
DA:149,11
DA:151,10
DA:152,14
DA:153,14
DA:154,14
DA:155,15
DA:156,15
DA:158,17
DA:160,17
DA:161,17
DA:162,17
DA:163,17
DA:164,17
DA:166,0
DA:167,0
DA:169,14
DA:170,14
DA:172,10
DA:173,12
DA:174,12
DA:175,12
DA:176,13
DA:177,13
DA:179,13
DA:180,13
DA:181,13
DA:184,13
DA:185,13
DA:186,13
DA:187,13
DA:188,13
DA:190,0
DA:191,0
DA:193,12
DA:194,12
DA:196,10
DA:198,10
DA:199,0
DA:200,0
DA:201,18
DA:203,10
DA:204,10
DA:205,10
DA:206,10
DA:207,14
DA:209,14
DA:210,14
DA:212,14
DA:213,56
DA:214,0
DA:215,0
DA:216,0
DA:217,14
DA:219,10
DA:220,10
DA:221,10
DA:222,10
DA:223,10
DA:224,13
DA:225,13
DA:226,13
DA:227,13
DA:228,13
DA:231,13
DA:232,13
DA:234,13
DA:235,15
DA:237,15
DA:238,15
DA:240,15
DA:241,15
DA:243,15
DA:245,15
DA:246,15
DA:248,15
DA:249,19
DA:250,19
DA:252,19
DA:253,21
DA:254,21
DA:255,21
DA:256,21
DA:257,21
DA:258,0
DA:259,0
DA:260,0
DA:261,0
DA:262,0
DA:263,21
DA:264,19
DA:265,15
DA:266,15
DA:267,15
DA:268,15
DA:269,15
DA:270,13
DA:271,14
DA:272,14
DA:273,14
DA:274,14
DA:275,14
DA:276,14
DA:277,14
DA:278,13
DA:280,10
DA:281,10
DA:282,10
DA:283,10
DA:284,10
DA:285,14
DA:286,14
DA:287,14
DA:288,14
DA:289,14
DA:291,14
DA:292,14
DA:294,14
DA:295,17
DA:296,17
DA:297,17
DA:298,17
DA:299,17
DA:300,0
DA:301,17
DA:302,14
DA:303,15
DA:304,15
DA:305,14
DA:307,10
DA:308,18
DA:309,18
DA:310,18
DA:311,18
DA:312,25
DA:313,25
DA:314,25
DA:315,25
DA:316,25
DA:317,0
DA:318,25
DA:319,18
DA:320,19
DA:321,19
DA:322,18
DA:324,10
DA:325,13
DA:326,13
DA:327,14
DA:328,13
DA:329,0
DA:330,15
DA:331,15
DA:332,15
DA:333,15
DA:334,15
DA:335,15
DA:336,15
DA:337,15
DA:338,13
DA:340,10
DA:341,13
DA:342,13
DA:343,13
DA:344,13
DA:345,13
DA:346,13
DA:347,13
DA:348,13
DA:349,13
DA:350,13
DA:351,13
DA:352,13
DA:353,13
DA:354,13
DA:355,13
DA:356,13
DA:357,13
DA:358,15
DA:359,15
DA:360,15
DA:361,15
DA:362,15
DA:363,13
DA:365,10
DA:366,18
DA:367,18
DA:369,10
DA:370,11
DA:371,11
DA:372,11
DA:373,15
DA:374,15
DA:375,11
DA:376,11
DA:377,11
DA:378,10
LH:258
LF:287
end_of_record
